Determining if the pthread_create exist failed with the following output:
Change Dir: /home/antoniolm/workspaces/TFM-Napmare/SDLGame-TFG/build/CMakeFiles/CMakeTmp

Run Build Command:"/usr/bin/make" "cmTC_054d5/fast"
make[1]: Entering directory '/home/antoniolm/workspaces/TFM-Napmare/SDLGame-TFG/build/CMakeFiles/CMakeTmp'
/usr/bin/make -f CMakeFiles/cmTC_054d5.dir/build.make CMakeFiles/cmTC_054d5.dir/build
make[2]: Entering directory '/home/antoniolm/workspaces/TFM-Napmare/SDLGame-TFG/build/CMakeFiles/CMakeTmp'
Building C object CMakeFiles/cmTC_054d5.dir/CheckSymbolExists.c.o
/usr/bin/cc    -o CMakeFiles/cmTC_054d5.dir/CheckSymbolExists.c.o   -c /home/antoniolm/workspaces/TFM-Napmare/SDLGame-TFG/build/CMakeFiles/CMakeTmp/CheckSymbolExists.c
Linking C executable cmTC_054d5
/usr/bin/cmake -E cmake_link_script CMakeFiles/cmTC_054d5.dir/link.txt --verbose=1
/usr/bin/cc      -rdynamic CMakeFiles/cmTC_054d5.dir/CheckSymbolExists.c.o  -o cmTC_054d5 
CMakeFiles/cmTC_054d5.dir/CheckSymbolExists.c.o: In function `main':
CheckSymbolExists.c:(.text+0x1b): undefined reference to `pthread_create'
collect2: error: ld returned 1 exit status
CMakeFiles/cmTC_054d5.dir/build.make:97: recipe for target 'cmTC_054d5' failed
make[2]: *** [cmTC_054d5] Error 1
make[2]: Leaving directory '/home/antoniolm/workspaces/TFM-Napmare/SDLGame-TFG/build/CMakeFiles/CMakeTmp'
Makefile:126: recipe for target 'cmTC_054d5/fast' failed
make[1]: *** [cmTC_054d5/fast] Error 2
make[1]: Leaving directory '/home/antoniolm/workspaces/TFM-Napmare/SDLGame-TFG/build/CMakeFiles/CMakeTmp'

File /home/antoniolm/workspaces/TFM-Napmare/SDLGame-TFG/build/CMakeFiles/CMakeTmp/CheckSymbolExists.c:
/* */
#include <pthread.h>

int main(int argc, char** argv)
{
  (void)argv;
#ifndef pthread_create
  return ((int*)(&pthread_create))[argc];
#else
  (void)argc;
  return 0;
#endif
}

